Determining if the pthread_create exist failed with the following output:
Change Dir: /home/cjlotto/git_clone/Robot-Simulator/c_TeleopBot/catkin_ws/build/CMakeFiles/CMakeTmp

Run Build Command:"/usr/bin/make" "cmTC_864ba/fast"
/usr/bin/make -f CMakeFiles/cmTC_864ba.dir/build.make CMakeFiles/cmTC_864ba.dir/build
make[1]: Entering directory '/home/cjlotto/git_clone/Robot-Simulator/c_TeleopBot/catkin_ws/build/CMakeFiles/CMakeTmp'
Building C object CMakeFiles/cmTC_864ba.dir/CheckSymbolExists.c.o
/usr/bin/cc    -o CMakeFiles/cmTC_864ba.dir/CheckSymbolExists.c.o   -c /home/cjlotto/git_clone/Robot-Simulator/c_TeleopBot/catkin_ws/build/CMakeFiles/CMakeTmp/CheckSymbolExists.c
Linking C executable cmTC_864ba
/usr/bin/cmake -E cmake_link_script CMakeFiles/cmTC_864ba.dir/link.txt --verbose=1
/usr/bin/cc      -rdynamic CMakeFiles/cmTC_864ba.dir/CheckSymbolExists.c.o  -o cmTC_864ba 
CMakeFiles/cmTC_864ba.dir/CheckSymbolExists.c.o: In function `main':
CheckSymbolExists.c:(.text+0x1b): undefined reference to `pthread_create'
collect2: error: ld returned 1 exit status
CMakeFiles/cmTC_864ba.dir/build.make:97: recipe for target 'cmTC_864ba' failed
make[1]: *** [cmTC_864ba] Error 1
make[1]: Leaving directory '/home/cjlotto/git_clone/Robot-Simulator/c_TeleopBot/catkin_ws/build/CMakeFiles/CMakeTmp'
Makefile:126: recipe for target 'cmTC_864ba/fast' failed
make: *** [cmTC_864ba/fast] Error 2

File /home/cjlotto/git_clone/Robot-Simulator/c_TeleopBot/catkin_ws/build/CMakeFiles/CMakeTmp/CheckSymbolExists.c:
/* */
#include <pthread.h>

int main(int argc, char** argv)
{
  (void)argv;
#ifndef pthread_create
  return ((int*)(&pthread_create))[argc];
#else
  (void)argc;
  return 0;
#endif
}

Determining if the function pthread_create exists in the pthreads failed with the following output:
Change Dir: /home/cjlotto/git_clone/Robot-Simulator/c_TeleopBot/catkin_ws/build/CMakeFiles/CMakeTmp

Run Build Command:"/usr/bin/make" "cmTC_78eaa/fast"
/usr/bin/make -f CMakeFiles/cmTC_78eaa.dir/build.make CMakeFiles/cmTC_78eaa.dir/build
make[1]: Entering directory '/home/cjlotto/git_clone/Robot-Simulator/c_TeleopBot/catkin_ws/build/CMakeFiles/CMakeTmp'
Building C object CMakeFiles/cmTC_78eaa.dir/CheckFunctionExists.c.o
/usr/bin/cc   -DCHECK_FUNCTION_EXISTS=pthread_create   -o CMakeFiles/cmTC_78eaa.dir/CheckFunctionExists.c.o   -c /usr/share/cmake-3.10/Modules/CheckFunctionExists.c
Linking C executable cmTC_78eaa
/usr/bin/cmake -E cmake_link_script CMakeFiles/cmTC_78eaa.dir/link.txt --verbose=1
/usr/bin/cc  -DCHECK_FUNCTION_EXISTS=pthread_create    -rdynamic CMakeFiles/cmTC_78eaa.dir/CheckFunctionExists.c.o  -o cmTC_78eaa -lpthreads 
/usr/bin/ld: cannot find -lpthreads
collect2: error: ld returned 1 exit status
CMakeFiles/cmTC_78eaa.dir/build.make:97: recipe for target 'cmTC_78eaa' failed
make[1]: *** [cmTC_78eaa] Error 1
make[1]: Leaving directory '/home/cjlotto/git_clone/Robot-Simulator/c_TeleopBot/catkin_ws/build/CMakeFiles/CMakeTmp'
Makefile:126: recipe for target 'cmTC_78eaa/fast' failed
make: *** [cmTC_78eaa/fast] Error 2


