Determining if the pthread_create exist failed with the following output:
Change Dir: /home/cjlotto/git_clone/Robot-Simulator/b_Wanderbot/wanderbot_ws/build/CMakeFiles/CMakeTmp

Run Build Command:"/usr/bin/make" "cmTC_c6f77/fast"
/usr/bin/make -f CMakeFiles/cmTC_c6f77.dir/build.make CMakeFiles/cmTC_c6f77.dir/build
make[1]: Entering directory '/home/cjlotto/git_clone/Robot-Simulator/b_Wanderbot/wanderbot_ws/build/CMakeFiles/CMakeTmp'
Building C object CMakeFiles/cmTC_c6f77.dir/CheckSymbolExists.c.o
/usr/bin/cc    -o CMakeFiles/cmTC_c6f77.dir/CheckSymbolExists.c.o   -c /home/cjlotto/git_clone/Robot-Simulator/b_Wanderbot/wanderbot_ws/build/CMakeFiles/CMakeTmp/CheckSymbolExists.c
Linking C executable cmTC_c6f77
/usr/bin/cmake -E cmake_link_script CMakeFiles/cmTC_c6f77.dir/link.txt --verbose=1
/usr/bin/cc      -rdynamic CMakeFiles/cmTC_c6f77.dir/CheckSymbolExists.c.o  -o cmTC_c6f77 
CMakeFiles/cmTC_c6f77.dir/CheckSymbolExists.c.o: In function `main':
CheckSymbolExists.c:(.text+0x1b): undefined reference to `pthread_create'
collect2: error: ld returned 1 exit status
CMakeFiles/cmTC_c6f77.dir/build.make:97: recipe for target 'cmTC_c6f77' failed
make[1]: *** [cmTC_c6f77] Error 1
make[1]: Leaving directory '/home/cjlotto/git_clone/Robot-Simulator/b_Wanderbot/wanderbot_ws/build/CMakeFiles/CMakeTmp'
Makefile:126: recipe for target 'cmTC_c6f77/fast' failed
make: *** [cmTC_c6f77/fast] Error 2

File /home/cjlotto/git_clone/Robot-Simulator/b_Wanderbot/wanderbot_ws/build/CMakeFiles/CMakeTmp/CheckSymbolExists.c:
/* */
#include <pthread.h>

int main(int argc, char** argv)
{
  (void)argv;
#ifndef pthread_create
  return ((int*)(&pthread_create))[argc];
#else
  (void)argc;
  return 0;
#endif
}

Determining if the function pthread_create exists in the pthreads failed with the following output:
Change Dir: /home/cjlotto/git_clone/Robot-Simulator/b_Wanderbot/wanderbot_ws/build/CMakeFiles/CMakeTmp

Run Build Command:"/usr/bin/make" "cmTC_f8ee6/fast"
/usr/bin/make -f CMakeFiles/cmTC_f8ee6.dir/build.make CMakeFiles/cmTC_f8ee6.dir/build
make[1]: Entering directory '/home/cjlotto/git_clone/Robot-Simulator/b_Wanderbot/wanderbot_ws/build/CMakeFiles/CMakeTmp'
Building C object CMakeFiles/cmTC_f8ee6.dir/CheckFunctionExists.c.o
/usr/bin/cc   -DCHECK_FUNCTION_EXISTS=pthread_create   -o CMakeFiles/cmTC_f8ee6.dir/CheckFunctionExists.c.o   -c /usr/share/cmake-3.10/Modules/CheckFunctionExists.c
Linking C executable cmTC_f8ee6
/usr/bin/cmake -E cmake_link_script CMakeFiles/cmTC_f8ee6.dir/link.txt --verbose=1
/usr/bin/cc  -DCHECK_FUNCTION_EXISTS=pthread_create    -rdynamic CMakeFiles/cmTC_f8ee6.dir/CheckFunctionExists.c.o  -o cmTC_f8ee6 -lpthreads 
/usr/bin/ld: cannot find -lpthreads
collect2: error: ld returned 1 exit status
CMakeFiles/cmTC_f8ee6.dir/build.make:97: recipe for target 'cmTC_f8ee6' failed
make[1]: *** [cmTC_f8ee6] Error 1
make[1]: Leaving directory '/home/cjlotto/git_clone/Robot-Simulator/b_Wanderbot/wanderbot_ws/build/CMakeFiles/CMakeTmp'
Makefile:126: recipe for target 'cmTC_f8ee6/fast' failed
make: *** [cmTC_f8ee6/fast] Error 2


